<?xml version="1.0" encoding="UTF-8"?>
<testsuite name="TestSuite" time="9.201" tests="2" errors="0" skipped="0" failures="0">
  <properties>
    <property name="ConEmuArgs2" value=""/>
    <property name="PROCESSOR_ARCHITECTURE" value="AMD64"/>
    <property name="LOGONSERVER" value="\\APGGNGADC01"/>
    <property name="ProgramData" value="C:\ProgramData"/>
    <property name="java.home" value="C:\Program Files\Java\jdk-11.0.1"/>
    <property name="NODE_NAME" value="master"/>
    <property name="JENKINS_URL" value="http://localhost:8080/"/>
    <property name="ALLUSERSPROFILE" value="C:\ProgramData"/>
    <property name="PSModulePath" value="C:\Program Files\WindowsPowerShell\Modules;C:\WINDOWS\system32\WindowsPowerShell\v1.0\Modules"/>
    <property name="ConEmuBaseDir" value="C:\Program Files\ConEmu\ConEmu"/>
    <property name="=::" value="::\"/>
    <property name="USERDOMAIN" value="LL"/>
    <property name="sun.os.patch.level" value=""/>
    <property name="java.vendor.url" value="http://java.oracle.com/"/>
    <property name="CommonProgramFiles(x86)" value="C:\Program Files (x86)\Common Files"/>
    <property name="java.version" value="11.0.1"/>
    <property name="JOB_NAME" value="CucumberWebDriverFramework"/>
    <property name="COMPUTERNAME" value="WKWIN6219675"/>
    <property name="ANDROID_HOME" value="C:\Users\saudhing\AppData\Local\Android\Sdk"/>
    <property name="java.vendor.url.bug" value="http://bugreport.java.com/bugreport/"/>
    <property name="PUBLIC" value="C:\Users\Public"/>
    <property name="java.version.date" value="2018-10-16"/>
    <property name="jdk.debug" value="release"/>
    <property name="ConEmuCfgDir" value="C:\Users\saudhing\AppData\Roaming"/>
    <property name="ChocolateyLastPathUpdate" value="132110413105064842"/>
    <property name="user.name" value="saudhing"/>
    <property name="ConEmuWorkDrive" value="C:"/>
    <property name="sun.io.unicode.encoding" value="UnicodeLittle"/>
    <property name="sun.jnu.encoding" value="Cp1252"/>
    <property name="java.runtime.name" value="Java(TM) SE Runtime Environment"/>
    <property name="windir" value="C:\WINDOWS"/>
    <property name="PROCESSOR_IDENTIFIER" value="Intel64 Family 6 Model 78 Stepping 3, GenuineIntel"/>
    <property name="IntelliJ IDEA Community Edition" value="C:\Program Files\JetBrains\IntelliJ IDEA Community Edition 2018.3.3\bin;"/>
    <property name="java.specification.name" value="Java Platform API Specification"/>
    <property name="LOCALAPPDATA" value="C:\Users\saudhing\AppData\Local"/>
    <property name="RUN_CHANGES_DISPLAY_URL" value="http://localhost:8080/job/CucumberWebDriverFramework/7/display/redirect?page=changes"/>
    <property name="user.timezone" value="Asia/Calcutta"/>
    <property name="user.script" value=""/>
    <property name="path.separator" value=";"/>
    <property name="NUMBER_OF_PROCESSORS" value="4"/>
    <property name="BUILD_TAG" value="jenkins-CucumberWebDriverFramework-7"/>
    <property name="file.encoding" value="Cp1252"/>
    <property name="sun.java.command" value="jenkins.maven3.agent.Maven35Main C:\Program Files\Java\apache-maven-3.6.0 C:\Users\saudhing\.jenkins\war\WEB-INF\lib\remoting-3.29.jar C:\Users\saudhing\.jenkins\plugins\maven-plugin\WEB-INF\lib\maven35-interceptor-1.12.jar C:\Users\saudhing\.jenkins\plugins\maven-plugin\WEB-INF\lib\maven3-interceptor-commons-1.12.jar 64885"/>
    <property name="HUDSON_URL" value="http://localhost:8080/"/>
    <property name="JENKINS_SERVER_COOKIE" value="981100e6fb34e780"/>
    <property name="ConEmuHWND" value="0x000307F4"/>
    <property name="EXECUTOR_NUMBER" value="1"/>
    <property name="Path" value="C:\Program Files\Java\jdk-11.0.1/bin;C:\Program Files\ConEmu\ConEmu\Scripts;C:\Program Files\ConEmu;C:\Program Files\ConEmu\ConEmu;C:\ProgramData\DockerDesktop\version-bin;C:\Program Files\Docker\Docker\Resources\bin;C:\Program Files (x86)\Common Files\Oracle\Java\javapath;C:\WINDOWS\system32;C:\WINDOWS;C:\WINDOWS\System32\Wbem;C:\WINDOWS\System32\WindowsPowerShell\v1.0\;C:\WINDOWS\System32\OpenSSH\;C:\Program Files (x86)\Box\Box Edit\;C:\Program Files\Java\jdk-11.0.1\bin;C:\Program Files\Java\apache-maven-3.6.0\bin;C:\Program Files\Git\cmd;C:\Program Files\nodejs\;C:\Users\saudhing\AppData\Local\Android\Sdk\tools;C:\Users\saudhing\AppData\Local\Android\Sdk\tools\bin;C:\Users\saudhing\AppData\Local\Android\Sdk\platform-tools;C:\Program Files\nodejs\node_modules\npm\bin;C:\Program Files\Intel\WiFi\bin\;C:\Program Files\Common Files\Intel\WirelessCommon\;C:\Program Files (x86)\Intel\Intel(R) Management Engine Components\DAL;C:\Program Files\Intel\Intel(R) Management Engine Components\DAL;C:\ProgramData\chocolatey\bin;C:\Users\saudhing\AppData\Local\Microsoft\WindowsApps;C:\Program Files\JetBrains\IntelliJ IDEA 2018.3.3\bin;C:\Program Files\JetBrains\IntelliJ IDEA Community Edition 2018.3.3\bin;C:\Users\saudhing\AppData\Local\GitHubDesktop\bin;C:\Users\saudhing\AppData\Roaming\npm;C:\Program Files\Intel\WiFi\bin\;C:\Program Files\Common Files\Intel\WirelessCommon\"/>
    <property name="ConEmuPID" value="14068"/>
    <property name="java.io.tmpdir" value="C:\Users\saudhing\AppData\Local\Temp\"/>
    <property name="APPDATA" value="C:\Users\saudhing\AppData\Roaming"/>
    <property name="user.language" value="en"/>
    <property name="line.separator" value="&#10;"/>
    <property name="BUILD_URL" value="http://localhost:8080/job/CucumberWebDriverFramework/7/"/>
    <property name="ConEmuBackHWND" value="0x0001080C"/>
    <property name="M2_HOME" value="C:\Program Files\Java\apache-maven-3.6.0"/>
    <property name="=C:" value="C:\D Drive\SapientData\Automation Toolkit\Tools\Jenkins"/>
    <property name="java.vm.info" value="mixed mode"/>
    <property name="DriverData" value="C:\Windows\System32\Drivers\DriverData"/>
    <property name="sun.desktop" value="windows"/>
    <property name="java.vm.specification.name" value="Java Virtual Machine Specification"/>
    <property name="BUILD_DISPLAY_NAME" value="#7"/>
    <property name="OS" value="Windows_NT"/>
    <property name="ANSICON" value="169x32766 (169x38)"/>
    <property name="guice.disable.misplaced.annotation.check" value="true"/>
    <property name="HUDSON_SERVER_COOKIE" value="981100e6fb34e780"/>
    <property name="MAVEN_HOME" value="C:\Program Files\Java\apache-maven-3.6.0"/>
    <property name="ConEmuPalette" value="&lt;ConEmu&gt;"/>
    <property name="SESSIONNAME" value="Console"/>
    <property name="PATHEXT" value=".COM;.EXE;.BAT;.CMD;.VBS;.VBE;.JS;.JSE;.WSF;.WSH;.MSC"/>
    <property name="java.awt.printerjob" value="sun.awt.windows.WPrinterJob"/>
    <property name="CLASSPATH" value=""/>
    <property name="maven3.interceptor.common" value="C:\Users\saudhing\.jenkins\plugins\maven-plugin\WEB-INF\lib\maven3-interceptor-commons-1.12.jar"/>
    <property name="HOMEPATH" value="\Users\saudhing"/>
    <property name="os.name" value="Windows 10"/>
    <property name="java.specification.vendor" value="Oracle Corporation"/>
    <property name="BUILD_NUMBER" value="7"/>
    <property name="java.vm.name" value="Java HotSpot(TM) 64-Bit Server VM"/>
    <property name="maven3.interceptor" value="C:\Users\saudhing\.jenkins\plugins\maven-plugin\WEB-INF\lib\maven35-interceptor-1.12.jar"/>
    <property name="java.library.path" value="C:\Program Files\Java\jdk-11.0.1\bin;C:\WINDOWS\Sun\Java\bin;C:\WINDOWS\system32;C:\WINDOWS;C:\Program Files\Java\apache-maven-3.6.0/bin;C:\Program Files\Java\jdk-11.0.1/bin;C:\Program Files\Java\jdk-11.0.1/bin;C:\Program Files\ConEmu\ConEmu\Scripts;C:\Program Files\ConEmu;C:\Program Files\ConEmu\ConEmu;C:\ProgramData\DockerDesktop\version-bin;C:\Program Files\Docker\Docker\Resources\bin;C:\Program Files (x86)\Common Files\Oracle\Java\javapath;C:\WINDOWS\system32;C:\WINDOWS;C:\WINDOWS\System32\Wbem;C:\WINDOWS\System32\WindowsPowerShell\v1.0\;C:\WINDOWS\System32\OpenSSH\;C:\Program Files (x86)\Box\Box Edit\;C:\Program Files\Java\jdk-11.0.1\bin;C:\Program Files\Java\apache-maven-3.6.0\bin;C:\Program Files\Git\cmd;C:\Program Files\nodejs\;C:\Users\saudhing\AppData\Local\Android\Sdk\tools;C:\Users\saudhing\AppData\Local\Android\Sdk\tools\bin;C:\Users\saudhing\AppData\Local\Android\Sdk\platform-tools;C:\Program Files\nodejs\node_modules\npm\bin;C:\Program Files\Intel\WiFi\bin\;C:\Program Files\Common Files\Intel\WirelessCommon\;C:\Program Files (x86)\Intel\Intel(R) Management Engine Components\DAL;C:\Program Files\Intel\Intel(R) Management Engine Components\DAL;C:\ProgramData\chocolatey\bin;C:\Users\saudhing\AppData\Local\Microsoft\WindowsApps;C:\Program Files\JetBrains\IntelliJ IDEA 2018.3.3\bin;C:\Program Files\JetBrains\IntelliJ IDEA Community Edition 2018.3.3\bin;C:\Users\saudhing\AppData\Local\GitHubDesktop\bin;C:\Users\saudhing\AppData\Roaming\npm;C:\Program Files\Intel\WiFi\bin\;C:\Program Files\Common Files\Intel\WirelessCommon\;."/>
    <property name="HOMEDRIVE" value="C:"/>
    <property name="POM_GROUPID" value="com.saudhing"/>
    <property name="POM_ARTIFACTID" value="CucumberWebDriverFramework"/>
    <property name="java.class.version" value="55.0"/>
    <property name="JOB_URL" value="http://localhost:8080/job/CucumberWebDriverFramework/"/>
    <property name="OneDrive" value="C:\Users\saudhing\OneDrive"/>
    <property name="RUN_DISPLAY_URL" value="http://localhost:8080/job/CucumberWebDriverFramework/7/display/redirect"/>
    <property name="NODE_HOME" value="C:\Program Files\nodejs"/>
    <property name="VBOX_MSI_INSTALL_PATH" value="C:\Program Files\Oracle\VirtualBox\"/>
    <property name="JENKINS_HOME" value="C:\Users\saudhing\.jenkins"/>
    <property name="TEMP" value="C:\Users\saudhing\AppData\Local\Temp"/>
    <property name="BUILD_ID" value="7"/>
    <property name="sun.boot.library.path" value="C:\Program Files\Java\jdk-11.0.1\bin"/>
    <property name="ConEmuDrawHWND" value="0x0001080E"/>
    <property name="sun.management.compiler" value="HotSpot 64-Bit Tiered Compilers"/>
    <property name="java.awt.graphicsenv" value="sun.awt.Win32GraphicsEnvironment"/>
    <property name="user.variant" value=""/>
    <property name="PROCESSOR_REVISION" value="4e03"/>
    <property name="POM_VERSION" value="0.0.1-SNAPSHOT"/>
    <property name="HUDSON_HOME" value="C:\Users\saudhing\.jenkins"/>
    <property name="ProgramFiles(x86)" value="C:\Program Files (x86)"/>
    <property name="PATH+MAVEN" value="C:\Program Files\Java\apache-maven-3.6.0/bin"/>
    <property name="IntelliJ IDEA" value="C:\Program Files\JetBrains\IntelliJ IDEA 2018.3.3\bin;"/>
    <property name="USERDOMAIN_ROAMINGPROFILE" value="LL"/>
    <property name="PROMPT" value="$E[m$E[32m$E]9;8;&quot;USERNAME&quot;$E\@$E]9;8;&quot;COMPUTERNAME&quot;$E\$S$E[92m$P$E[90m$_$E[90m$$E[m$S$E]9;12$E\"/>
    <property name="ConEmuTask" value="{Shells::cmd}"/>
    <property name="ConEmuDir" value="C:\Program Files\ConEmu"/>
    <property name="java.vm.specification.version" value="11"/>
    <property name="JAVA_HOME" value="C:\Program Files\Java\jdk-11.0.1"/>
    <property name="awt.toolkit" value="sun.awt.windows.WToolkit"/>
    <property name="NODE_LABELS" value="master"/>
    <property name="sun.cpu.isalist" value="amd64"/>
    <property name="USERPROFILE" value="C:\Users\saudhing"/>
    <property name="java.vm.compressedOopsMode" value="Zero based"/>
    <property name="JOB_DISPLAY_URL" value="http://localhost:8080/job/CucumberWebDriverFramework/display/redirect"/>
    <property name="os.version" value="10.0"/>
    <property name="user.home" value="C:\Users\saudhing"/>
    <property name="USERNAME" value="saudhing"/>
    <property name="java.vm.vendor" value="Oracle Corporation"/>
    <property name="PROCESSOR_LEVEL" value="6"/>
    <property name="USERDNSDOMAIN" value="GLOBAL.PUBLICISGROUPE.NET"/>
    <property name="CommonProgramW6432" value="C:\Program Files\Common Files"/>
    <property name="ConEmuDrive" value="C:"/>
    <property name="user.dir" value="C:\D Drive\SapientData\Automation Toolkit\Tools\SeleniumProjects\CucumberWebDriverFramework"/>
    <property name="maven.conf" value="C:\Program Files\Java\apache-maven-3.6.0\conf"/>
    <property name="ConEmuAnsiLog" value=""/>
    <property name="ProgramW6432" value="C:\Program Files"/>
    <property name="ConEmuHooks" value="Enabled"/>
    <property name="TMP" value="C:\Users\saudhing\AppData\Local\Temp"/>
    <property name="ConEmuBuild" value="180626"/>
    <property name="UATDATA" value="C:\WINDOWS\CCM\UATData\D9F8C395-CAB8-491d-B8AC-179A1FE1BE77"/>
    <property name="ConEmuWorkDir" value="C:\Users\saudhing"/>
    <property name="ConEmuBaseDirShort" value="C:\PROGRA~1\ConEmu\ConEmu"/>
    <property name="sun.cpu.endian" value="little"/>
    <property name="SystemDrive" value="C:"/>
    <property name="java.vm.version" value="11.0.1+13-LTS"/>
    <property name="java.class.path" value="C:\Users\saudhing\.jenkins\plugins\maven-plugin\WEB-INF\lib\maven35-agent-1.12.jar;C:\Program Files\Java\apache-maven-3.6.0\boot\plexus-classworlds-2.5.2.jar;C:\Program Files\Java\apache-maven-3.6.0/conf/logging"/>
    <property name="org.slf4j.simpleLogger.defaultLogLevel" value="info"/>
    <property name="ANSICON_DEF" value="7"/>
    <property name="os.arch" value="amd64"/>
    <property name="WORKSPACE" value="C:\Users\saudhing\.jenkins\workspace\CucumberWebDriverFramework"/>
    <property name="ComSpec" value="C:\WINDOWS\system32\cmd.exe"/>
    <property name="ConEmuConfig" value=""/>
    <property name="sun.java.launcher" value="SUN_STANDARD"/>
    <property name="ConEmuArgs" value=""/>
    <property name="SystemRoot" value="C:\WINDOWS"/>
    <property name="ConEmuServerPID" value="15760"/>
    <property name="CommonProgramFiles" value="C:\Program Files\Common Files"/>
    <property name="java.vm.specification.vendor" value="Oracle Corporation"/>
    <property name="file.separator" value="\"/>
    <property name="ChocolateyInstall" value="C:\ProgramData\chocolatey"/>
    <property name="java.runtime.version" value="11.0.1+13-LTS"/>
    <property name="ProgramFiles" value="C:\Program Files"/>
    <property name="ConEmuANSI" value="ON"/>
    <property name="PATH+JDK" value="C:\Program Files\Java\jdk-11.0.1/bin"/>
    <property name="user.country" value="US"/>
    <property name="POM_PACKAGING" value="jar"/>
    <property name="maven.home" value="C:\Program Files\Java\apache-maven-3.6.0"/>
    <property name="JOB_BASE_NAME" value="CucumberWebDriverFramework"/>
    <property name="java.vendor.version" value="18.9"/>
    <property name="java.vendor" value="Oracle Corporation"/>
    <property name="java.specification.version" value="11"/>
    <property name="POM_DISPLAYNAME" value="CucumberWebDriverFramework"/>
    <property name="sun.arch.data.model" value="64"/>
  </properties>
  <testcase name="feature" classname="com.saudhing.runners.MainRunner" time="9.201"/>
  <testcase name="feature" classname="com.saudhing.runners.MainRunner" time="13.735"/>
</testsuite>