<?xml version="1.0" encoding="UTF-8"?>
<!-- Generated by org.testng.reporters.JUnitReportReporter -->
<testsuite hostname="WKWIN6219675" name="com.saudhing.runners.MainRunner" tests="2" failures="0" timestamp="8 Jul 2019 08:53:10 GMT" time="53.344" errors="0">
  <testcase name="feature" time="32.876" classname="com.saudhing.runners.MainRunner"/>
  <testcase name="feature" time="20.468" classname="com.saudhing.runners.MainRunner"/>
</testsuite> <!-- com.saudhing.runners.MainRunner -->
