<?xml version="1.0" encoding="UTF-8"?>
<!-- Generated by org.testng.reporters.JUnitReportReporter -->
<testsuite hostname="WKWIN6219675" failures="0" tests="2" name="com.saudhing.runners.MainRunner" time="22.940" errors="0" timestamp="24 Aug 2019 16:36:57 GMT">
  <testcase classname="com.saudhing.runners.MainRunner" name="feature" time="13.743"/>
  <testcase classname="com.saudhing.runners.MainRunner" name="feature" time="9.197"/>
</testsuite> <!-- com.saudhing.runners.MainRunner -->
